                                                                                                                        
>>>>>>>>>>>>>>>>>>>>>>>>>>>>>>>>>>>>>>>>>>>>>>>>>>>>>>>>>>>>>>>>>>>>>>>>>>>>>>>>>>>>>>>>>>>>>>>>>>>>>>>>>>>>>>>>>>>>>>>>
2024-10-07 19:59:37,231 - INFO - START NSP_OEC_Training_Chapter_12 =============================================
2024-10-07 19:59:37,231 - INFO - START NSP_OEC_Training_Chapter_12 Start Time = 2024-10-07 19:59:37
2024-10-07 19:59:37,231 - INFO - NSP_OEC_Training_Chapter_12 Step 0 - Initialize the configuration file parser
2024-10-07 19:59:37,232 - INFO - Process NSP_OEC_Training_Chapter_12 Step 0 - Initializing and starting Logging Process.
2024-10-07 19:59:37,278 - INFO - PERFORMANCE NSP_OEC_Training_Chapter_12 The total process duration was:0.05
2024-10-07 19:59:37,278 - INFO - PERFORMANCE NSP_OEC_Training_Chapter_12 Stop Time = 2024-10-07 19:59:37
2024-10-07 19:59:37,278 - INFO - PERFORMANCE NSP_OEC_Training_Chapter_12 Short process duration less than 3 Seconds:0.05
2024-10-07 19:59:37,278 - INFO - PERFORMANCE NSP_OEC_Training_Chapter_12 Performance optimization is not reccomended
2024-10-07 19:59:37,278 - INFO - END NSP_OEC_Training_Chapter_12 =============================================

<<<<<<<<<<<<<<<<<<<<<<<<<<<<<<<<<<<<<<<<<<<<<<<<<<<<<<<<<<<<<<<<<<<<<<<<<<<<<<<<<<<<<<<<<<<<<<<<<<<<<<<<<<<<<<<<<<<<<<<<
                                                                                                                        
                                                                                                                        
>>>>>>>>>>>>>>>>>>>>>>>>>>>>>>>>>>>>>>>>>>>>>>>>>>>>>>>>>>>>>>>>>>>>>>>>>>>>>>>>>>>>>>>>>>>>>>>>>>>>>>>>>>>>>>>>>>>>>>>>
2024-10-07 23:59:37,265 - INFO - START NSP_OEC_Training_Chapter_12 =============================================
2024-10-07 23:59:37,266 - INFO - START NSP_OEC_Training_Chapter_12 Start Time = 2024-10-07 23:59:37
2024-10-07 23:59:37,266 - INFO - NSP_OEC_Training_Chapter_12 Step 0 - Initialize the configuration file parser
2024-10-07 23:59:37,266 - INFO - Process NSP_OEC_Training_Chapter_12 Step 0 - Initializing and starting Logging Process.
2024-10-07 23:59:37,357 - INFO - PERFORMANCE NSP_OEC_Training_Chapter_12 The total process duration was:0.09
2024-10-07 23:59:37,357 - INFO - PERFORMANCE NSP_OEC_Training_Chapter_12 Stop Time = 2024-10-07 23:59:37
2024-10-07 23:59:37,357 - INFO - PERFORMANCE NSP_OEC_Training_Chapter_12 Short process duration less than 3 Seconds:0.09
2024-10-07 23:59:37,358 - INFO - PERFORMANCE NSP_OEC_Training_Chapter_12 Performance optimization is not reccomended
2024-10-07 23:59:37,358 - INFO - END NSP_OEC_Training_Chapter_12 =============================================

<<<<<<<<<<<<<<<<<<<<<<<<<<<<<<<<<<<<<<<<<<<<<<<<<<<<<<<<<<<<<<<<<<<<<<<<<<<<<<<<<<<<<<<<<<<<<<<<<<<<<<<<<<<<<<<<<<<<<<<<
                                                                                                                        
                                                                                                                        
>>>>>>>>>>>>>>>>>>>>>>>>>>>>>>>>>>>>>>>>>>>>>>>>>>>>>>>>>>>>>>>>>>>>>>>>>>>>>>>>>>>>>>>>>>>>>>>>>>>>>>>>>>>>>>>>>>>>>>>>
2024-10-08 00:14:56,767 - INFO - START NSP_OEC_Training_Chapter_12 =============================================
2024-10-08 00:14:56,767 - INFO - START NSP_OEC_Training_Chapter_12 Start Time = 2024-10-08 00:14:56
2024-10-08 00:14:56,767 - INFO - NSP_OEC_Training_Chapter_12 Step 0 - Initialize the configuration file parser
2024-10-08 00:14:56,768 - INFO - Process NSP_OEC_Training_Chapter_12 Step 0 - Initializing and starting Logging Process.
2024-10-08 00:14:56,888 - INFO - PERFORMANCE NSP_OEC_Training_Chapter_12 The total process duration was:0.12
2024-10-08 00:14:56,889 - INFO - PERFORMANCE NSP_OEC_Training_Chapter_12 Stop Time = 2024-10-08 00:14:56
2024-10-08 00:14:56,889 - INFO - PERFORMANCE NSP_OEC_Training_Chapter_12 Short process duration less than 3 Seconds:0.12
2024-10-08 00:14:56,889 - INFO - PERFORMANCE NSP_OEC_Training_Chapter_12 Performance optimization is not reccomended
2024-10-08 00:14:56,889 - INFO - END NSP_OEC_Training_Chapter_12 =============================================

<<<<<<<<<<<<<<<<<<<<<<<<<<<<<<<<<<<<<<<<<<<<<<<<<<<<<<<<<<<<<<<<<<<<<<<<<<<<<<<<<<<<<<<<<<<<<<<<<<<<<<<<<<<<<<<<<<<<<<<<
                                                                                                                        
